*** Aborted at 1598604711 (unix time) try "date -d @1598604711" if you are using GNU date ***
*** Aborted at 1598604711 (unix time) try "date -d @1598604711" if you are using GNU date ***
*** Aborted at 1598604711 (unix time) try "date -d @1598604711" if you are using GNU date ***
*** Aborted at 1598604711 (unix time) try "date -d @1598604711" if you are using GNU date ***
PC: @     0x7f336f8e7548 __GI___nanosleep
PC: @     0x7fd4291b7548 __GI___nanosleep
*** SIGTERM (@0x1) received by PID 14509 (TID 0x7f337132d740) from PID 1; stack trace: ***
   0x7f9daa9d7548 __GI___nanosleep
*** SIGTERM (@0x1) received by PID 14523 (TID 0x7fd42abfd740) from PID 1; stack trace: ***
*** SIGTERM (@0x1) received by PID 14536 (TID 0x7f3974f40740) from PID 1; stack trace: ***
*** SIGTERM (@0x1) received by PID 14487 (TID 0x7f9dabce5b80) from PID 1; stack trace: ***
    @     0x7f3370a74c49 google::(anonymous namespace)::FailureSignalHandler()
    @     0x7f337018edc0 (unknown)
nonymous namespace)::FailureSignalHandler()
    @     0x7f9dab285c49 google::(anonymous namespace)::FailureSignalHandler()
    @     0x7fdf59d23c49 google::(anonymous namespace)::FailureSignalHandler()
    @     0x7f3974687c49 google::(anonymous namespace)::FailureSignalHandler()
  @     0x7f9dab4afdc0 (unknown)
    @     0x7f336f8e744e __sleep
    @     0x7fdf5943ddc0 (unknown)
    @     0x7fd4291b7548 __GI___nanosleep
    @     0x7f9daa9d7548 __GI___nanosleep
    @           0x409e9a main
own)
    @     0x7fdf58b96548 __GI___nanosleep
    @     0x7fd4291b744e __sleep
    @     0x7f9daa9d744e __sleep
    @     0x7f39734fa548 __GI___nanosleep
    @     0x7f39734fa44e __sleep
    @     0x7fdf58b9644e __sleep
    @     0x7f336f842873 __libc_start_main
    @           0x4047da main
    @     0x7f9daa932873 __libc_start_main
    @           0x408f3a main
    @           0x40a06e _start
    @           0x409e9a main
    @           0x408f3a main
    @     0x7fdf58af1873 __libc_start_main
    @     0x7fd429112873 __libc_start_main
    @     0x7f3973455873 __libc_start_main
    @           0x40491e _start
    @           0x40910e _start
    @           0x40910e _start
    @           0x40a06e _start
*** Aborted at 1598863446 (unix time) try "date -d @1598863446" if you are using GNU date ***
*** Aborted at 1598863446 (unix time) try "date -d @1598863446" if you are using GNU date ***
*** Aborted at 1598863446 (unix time) try "date -d @1598863446" if you are using GNU date ***
PC: @     0x7fe76ee69548 __GI___nanosleep
*** Aborted at 1598863446 (unix time) try "date -d @1598863446" if you are using GNU date ***
PC: @     0x7fac3479b548 __GI___nanosleep
*** Aborted at 1598863446 (unix time) try "date -d @1598863446" if you are using GNU date ***
PC: @     0x7f6d998ce548 __GI___nanosleep
*** SIGTERM (@0x1) received by PID 20508 (TID 0x7f6d9b314740) from PID 1; stack trace: ***
PC: @     0x7fa6e00db548 __GI___nanosleep
PC: @     0x7f6e291ef548 __GI___nanosleep
*** SIGTERM (@0x1) received by PID 20481 (TID 0x7fe7708af740) from PID 1; stack trace: ***
*** SIGTERM (@0x1) received by PID 20495 (TID 0x7fac361e1740) from PID 1; stack trace: ***
*** SIGTERM (@0x1) received by PID 20459 (TID 0x7fa6e13e9b80) from PID 1; stack trace: ***
*** SIGTERM (@0x1) received by PID 20468 (TID 0x7f6e2ac35740) from PID 1; stack trace: ***
    @     0x7fac35928c49 google::(anonymous namespace)::FailureSignalHandler()
    @     0x7fac35042dc0 (unknown)
    @     0x7f6d9aa5bc49 google::(anonymous namespace)::FailureSignalHandler()
    @     0x7f6e2a37cc49 google::(anonymous namespace)::FailureSignalHandler()
    @     0x7fe76fff6c49 google::(anonymous namespace)::FailureSignalHandler()
    @     0x7fa6e0989c49 google::(anonymous namespace)::FailureSignalHandler()
    @     0x7fac3479b548 __GI___nanosleep
    @     0x7f6d9a175dc0 (unknown)
    @     0x7f6e29a96dc0 (unknown)
    @     0x7fe76f710dc0 (unknown)
    @     0x7fa6e0bb3dc0 (unknown)
    @     0x7fac3479b44e __sleep
    @     0x7f6d998ce548 __GI___nanosleep
    @     0x7f6e291ef44e __sleep
    @     0x7fe76ee69548 __GI___nanosleep
    @     0x7fa6e00db548 __GI___nanosleep
    @     0x7fa6e00db44e __sleep
    @     0x7f6d998ce44e __sleep
    @     0x7fe76ee6944e __sleep
    @           0x408f3a main
    @     0x7fac346f6873 __libc_start_main
    @           0x4047da main
    @     0x7f6e2914a873 __libc_start_main
    @           0x409e9a main
    @           0x409e9a main
    @     0x7fa6e0036873 __libc_start_main
    @     0x7fe76edc4873 __libc_start_main
    @     0x7f6d99829873 __libc_start_main
    @           0x40910e _start
    @           0x40491e _start
    @           0x40910e _start
    @           0x40a06e _start
    @           0x40a06e _start
*** Aborted at 1598931067 (unix time) try "date -d @1598931067" if you are using GNU date ***
*** Aborted at 1598931067 (unix time) try "date -d @1598931067" if you are using GNU date ***
*** Aborted at 1598931067 (unix time) try "date -d @1598931067" if you are using GNU date ***
*** Aborted at 1598931067 (unix time) try "date -d @1598931067" if you are using GNU date ***
PC: @     0x7fa4d308a548 __GI___nanosleep
PC: @     0x7f21b6ea4548 __GI___nanosleep
*** Aborted at 1598931067 (unix time) try "date -d @1598931067" if you are using GNU date ***
PC: @     0x7f5cb8144548 __GI___nanosleep
*** SIGTERM (@0x1) received by PID 12919 (TID 0x7fc559228b80) from PID 1; stack trace: ***
*** SIGTERM (@0x1) received by PID 12941 (TID 0x7fa4d4ad0740) from PID 1; stack trace: ***
*** SIGTERM (@0x1) received by PID 12971 (TID 0x7f21b88ea740) from PID 1; stack trace: ***
PC: @     0x7f17ba914548 __GI___nanosleep
*** SIGTERM (@0x1) received by PID 12955 (TID 0x7f17bc35a740) from PID 1; stack trace: ***
*** SIGTERM (@0x1) received by PID 12928 (TID 0x7f5cb9b8a740) from PID 1; stack trace: ***
    @     0x7f21b8031c49 google::(anonymous namespace)::FailureSignalHandler()
    @     0x7fa4d4217c49 google::(anonymous namespace)::FailureSignalHandler()
    @     0x7fc5587c8c49 google::(anonymous namespace)::FailureSignalHandler()
    @     0x7f21b774bdc0 (unknown)
    @     0x7fa4d3931dc0 (unknown)
    @     0x7fa4d308a548 __GI___nanosleep
    @     0x7f17bbaa1c49 google::(anonymous namespace)::FailureSignalHandler()
    @     0x7fc5589f2dc0 (unknown)
    @     0x7f5cb92d1c49 google::(anonymous namespace)::FailureSignalHandler()
    @     0x7f21b6ea4548 __GI___nanosleep
    @     0x7fa4d308a44e __sleep
    @     0x7f17bb1bbdc0 (unknown)
    @     0x7fc557f1a548 __GI___nanosleep
    @     0x7f5cb89ebdc0 (unknown)
    @     0x7f21b6ea444e __sleep
    @     0x7f17ba914548 __GI___nanosleep
    @     0x7fc557f1a44e __sleep
    @     0x7f5cb8144548 __GI___nanosleep
    @     0x7f17ba91444e __sleep
    @           0x409e9a main
    @     0x7f5cb814444e __sleep
    @           0x409e9a main
    @     0x7f21b6dff873 __libc_start_main
    @           0x408f3a main
    @           0x4047da main
c_start_main
    @     0x7fc557e75873 __libc_start_main
    @     0x7f17ba86f873 __libc_start_main
    @           0x408f3a main
    @           0x40a06e _start
    @           0x40a06e _start
    @           0x40491e _start
    @     0x7f5cb809f873 __libc_start_main
    @           0x40910e _start
    @           0x40910e _start
*** Aborted at 1601192140 (unix time) try "date -d @1601192140" if you are using GNU date ***
*** Aborted at 1601192140 (unix time) try "date -d @1601192140" if you are using GNU date ***
*** Aborted at 1601192140 (unix time) try "date -d @1601192140" if you are using GNU date ***
*** Aborted at 1601192140 (unix time) try "date -d @1601192140" if you are using GNU date ***
*** Aborted at 1601192140 (unix time) try "date -d @1601192140" if you are using GNU date ***
*** SIGTERM (@0x1) received by PID 10336 (TID 0x7f0c64648740) from PID 1; stack trace: ***
PC: @     0x7f1aa2e93548 __GI___nanosleep
PC: @     0x7f10fb1df548 __GI___nanosleep
PC: @     0x7f20459ef548 __GI___nanosleep
*** SIGTERM (@0x1) received by PID 10349 (TID 0x7f86b1022740) from PID 1; stack trace: ***
*** SIGTERM (@0x1) received by PID 10306 (TID 0x7f10fcc25740) from PID 1; stack trace: ***
*** SIGTERM (@0x1) received by PID 10319 (TID 0x7f2047435740) from PID 1; stack trace: ***
    @     0x7f0c63d8fc49 google::(anonymous namespace)::FailureSignalHandler()
    @     0x7f0c634a9dc0 (unknown)
    @     0x7f86b0769c49 google::(anonymous namespace)::FailureSignalHandler()
    @     0x7f10fc36cc49 google::(anonymous namespace)::FailureSignalHandler()
    @     0x7f0c62c02548 __GI___nanosleep
    @     0x7f86afe83dc0 (unknown)
    @     0x7f2046b7cc49 google::(anonymous namespace)::FailureSignalHandler()
    @     0x7f10fba86dc0 (unknown)
    @     0x7f0c62c0244e __sleep
    @     0x7f86af5dc548 __GI___nanosleep
    @     0x7f2046296dc0 (unknown)
    @     0x7f10fb1df548 __GI___nanosleep
    @     0x7f86af5dc44e __sleep
    @     0x7f20459ef548 __GI___nanosleep
    @     0x7f10fb1df44e __sleep
    @           0x408f3a main
    @     0x7f20459ef44e __sleep
    @     0x7f0c62b5d873 __libc_start_main
    @           0x409e9a main
    @           0x408f3a main
    @     0x7f86af537873 __libc_start_main
    @           0x40910e _start
    @     0x7f10fb13a873 __libc_start_main
    @           0x409e9a main
    @     0x7f204594a873 __libc_start_main
    @           0x40a06e _start
    @           0x40910e _start
    @           0x40a06e _start
*** SIGTERM (@0x1) received by PID 10297 (TID 0x7f1aa41a1b80) from PID 1; stack trace: ***
    @     0x7f1aa3741c49 google::(anonymous namespace)::FailureSignalHandler()
    @     0x7f1aa396bdc0 (unknown)
    @     0x7f1aa2e93548 __GI___nanosleep
    @     0x7f1aa2e9344e __sleep
    @           0x4047da main
    @     0x7f1aa2dee873 __libc_start_main
    @           0x40491e _start
*** Aborted at 1601259792 (unix time) try "date -d @1601259792" if you are using GNU date ***
*** Aborted at 1601259792 (unix time) try "date -d @1601259792" if you are using GNU date ***
*** Aborted at 1601259792 (unix time) try "date -d @1601259792" if you are using GNU date ***
PC: @     0x7fdf3136c548 __GI___nanosleep
"date -d @1601259792" if you are using GNU date ***
*** Aborted at 1601259792 (unix time) try "date -d @1601259792" if you are using GNU date ***
PC: @     0x7f7d95a92548 __GI___nanosleep
PC: @     0x7efe2dacc548 __GI___nanosleep
PC: @     0x7fe331ee7548 __GI___nanosleep
*** SIGTERM (@0x1) received by PID 9634 (TID 0x7f7d96da0b80) from PID 1; stack trace: ***
*** SIGTERM (@0x1) received by PID 9643 (TID 0x7efe2f512740) from PID 1; stack trace: ***
*** SIGTERM (@0x1) received by PID 9656 (TID 0x7fdf32db2740) from PID 1; stack trace: ***
*** SIGTERM (@0x1) received by PID 9670 (TID 0x7f9b1a38f740) from PID 1; stack trace: ***
*** SIGTERM (@0x1) received by PID 9683 (TID 0x7fe33392d740) from PID 1; stack trace: ***
    @     0x7f7d96340c49 google::(anonymous namespace)::FailureSignalHandler()
    @     0x7f7d9656adc0 (unknown)
nonymous namespace)::FailureSignalHandler()
    @     0x7fdf324f9c49 google::(anonymous namespace)::FailureSignalHandler()
    @     0x7fdf31c13dc0 (unknown)
    @     0x7fe333074c49 google::(anonymous namespace)::FailureSignalHandler()
  @     0x7f9b19ad6c49 google::(anonymous namespace)::FailureSignalHandler()
    @     0x7fdf3136c548 __GI___nanosleep
    @     0x7f7d95a9244e __sleep
    @     0x7fdf3136c44e __sleep
    @     0x7efe2dacc548 __GI___nanosleep
    @     0x7fe33278edc0 (unknown)
    @     0x7f9b191f0dc0 (unknown)
    @     0x7fe331ee7548 __GI___n    @           0x4047da main
__nanosleep
    @     0x7f7d959ed873 __libc_start_main
    @     0x7fe331ee744e __sleep
    @     0x7f9b1894944e __sleep
    @           0x409e9a main
    @           0x408f3a main
    @     0x7fdf312c7873 __libc_start_main
    @     0x7efe2da27873 __libc_start_main
    @           0x408f3a main
    @           0x40491e _start
    @           0x40a06e _start
start_main
    @           0x40910e _start
    @     0x7f9b188a4873 __libc_start_main
    @           0x40910e _start
    @           0x40a06e _start
*** Aborted at 1601357667 (unix time) try "date -d @1601357667" if you are using GNU date ***
*** Aborted at 1601357667 (unix time) try "date -d @1601357667" if you are using GNU date ***
PC: @     0x7f9f97072548 __GI___nanosleep
*** Aborted at 1601357667 (unix time) try "date -d @1601357667" if you are using GNU date ***
*** Aborted at 1601357667 (unix time) try "date -d @1601357667" if you are using GNU date ***
PC: @     0x7f6f94129548 __GI___nanosleep
PC: @     0x7f850cad9548 __GI___nanosleep
PC: @     0x7f2bd186b548 __GI___nanosleep
*** SIGTERM (@0x1) received by PID 11186 (TID 0x7f9f98ab8740) from PID 1; stack trace: ***
PC: @     0x7fddb6dcc548 __GI___nanosleep
*** SIGTERM (@0x1) received by PID 11159 (TID 0x7f6f95b6f740) from PID 1; stack trace: ***
*** SIGTERM (@0x1) received by PID 11173 (TID 0x7f850e51f740) from PID 1; stack trace: ***
*** SIGTERM (@0x1) received by PID 11136 (TID 0x7f2bd2b79b80) from PID 1; stack trace: ***
    @     0x7f6f952b6c49 google::(anonymous namespace)::FailureSignalHandler()
*** SIGTERM (@0x1) received by PID 11145 (TID 0x7fddb8812740) from PID 1; stack trace: ***
    @     0x7f9f981ffc49 google::(anonymous namespace)::FailureSignalHandler()
    @     0x7f850dc66c49 google::(anonymous namespace)::FailureSignalHandler()
    @     0x7f6f949d0dc0 (unknown)
    @     0x7f9f97919dc0 (unknown)
    @     0x7f850d380dc0 (unknown)
    @     0x7f2bd2119c49 google::(anonymous namespace)::FailureSignalHandler()
    @     0x7f6f94129548 __GI___nanosleep
    @     0x7fddb7f59c49 google::(anonymous namespace)::FailureSignalHandler()
    @     0x7f9f97072548 __GI___nanosleep
    @     0x7f850cad9548 __GI___nanosleep
    @     0x7f2bd2343dc0 (unknown)
    @     0x7f6f9412944e __sleep
    @     0x7fddb7673dc0 (unknown)
    @     0x7f9f9707244e __sleep
    @     0x7f850cad944e __sleep
    @     0x7f2bd186b548 __GI___nanosleep
    @           0x409e9a main
    @     0x7fddb6dcc548 __GI___nanosleep
    @     0x7fddb6dcc44e __sleep
    @     0x7f2bd186b44e __sleep
    @           0x409e9a main
    @     0x7f6f94084873 __libc_start_main
    @           0x408f3a main
    @     0x7f9f96fcd873 __libc_start_main
    @     0x7f850ca34873 __libc_start_main
    @           0x408f3a main
    @           0x4047da main
    @     0x7fddb6d27873 __libc_start_main
    @           0x40a06e _start
    @           0x40a06e _start
    @     0x7f2bd17c6873 __libc_start_main
    @           0x40910e _start
    @           0x40910e _start
    @           0x40491e _start
*** Aborted at 1601427672 (unix time) try "date -d @1601427672" if you are using GNU date ***
*** Aborted at 1601427672 (unix time) try "date -d @1601427672" if you are using GNU date ***
*** Aborted at 1601427672 (unix time) try "date -d @1601427672" if you are using GNU date ***
*** Aborted at 1601427672 (unix time) try "date -d @1601427672" if you are using GNU date ***
*** Aborted at 1601427672 (unix time) try "date -d @1601427672" if you are using GNU date ***
PC: @     0x7fa09bd56548 __GI___nanosleep
PC: @     0x7fc59d157548 __GI___nanosleep
PC: @     0x7fdaf54d2548 __GI___nanosleep
PC: @     0x7f3213ade548 __GI___nanosleep
PC: @     0x7fa2078a8548 __GI___nanosleep
*** SIGTERM (@0x1) received by PID 9575 (TID 0x7fa09d79c740) from PID 1; stack trace: ***
*** SIGTERM (@0x1) received by PID 9602 (TID 0x7fc59eb9d740) from PID 1; stack trace: ***
*** SIGTERM (@0x1) received by PID 9566 (TID 0x7fdaf67e0b80) from PID 1; stack trace: ***
*** SIGTERM (@0x1) received by PID 9588 (TID 0x7f3215524740) from PID 1; stack trace: ***
*** SIGTERM (@0x1) received by PID 9615 (TID 0x7fa2092ee740) from PID 1; stack trace: ***
    @     0x7fc59e2e4c49 google::(anonymous namespace)::FailureSignalHandler()
    @     0x7fa208a35c49 google::(anonymous namespace)::FailureSignalHandler()
    @     0x7fdaf5d80c49 google::(anonymous namespace)::FailureSignalHandler()
    @     0x7f3214c6bc49 google::(anonymous namespace)::FailureSignalHandler()
    @     0x7fa09cee3c49 google::(anonymous namespace)::FailureSignalHandler()
    @     0x7fdaf5faadc0 (unknown)
    @     0x7fa20814fdc0 (unknown)
    @     0x7fa09c5fddc0 (unknown)
    @     0x7f3214385dc0 (unknown)
    @     0x7fc59d9fedc0 (unknown)
    @     0x7fdaf54d2548 __GI___nanosleep
    @     0x7fa2078a8548 __GI___nanosleep
    @     0x7fa09bd56548 __GI___nanosleep
    @     0x7f3213ade548 __GI___nanosleep
    @     0x7fc59d157548 __GI___nanosleep
    @     0x7fdaf54d244e __sleep
    @     0x7fa2078a844e __sleep
    @     0x7fa09bd5644e __sleep
    @     0x7f3213ade44e __sleep
    @     0x7fc59d15744e __sleep
    @           0x4047da main
    @     0x7fdaf542d873 __libc_start_main
    @           0x408f3a main
    @           0x409e9a main
    @           0x408f3a main
    @     0x7fa207803873 __libc_start_main
    @     0x7fc59d0b2873 __libc_start_main
    @     0x7f3213a39873 __libc_start_main
    @     0x7fa09bcb1873 __libc_start_main
    @           0x40491e _start
    @           0x40910e _start
    @           0x40a06e _start
    @           0x40910e _start
    @           0x40a06e _start
*** Aborted at 1603698346 (unix time) try "date -d @1603698346" if you are using GNU date ***
*** Aborted at 1603698346 (unix time) try "date -d @1603698346" if you are using GNU date ***
*** Aborted at 1603698346 (unix time) try "date -d @1603698346" if you are using GNU date ***
*** Aborted at 1603698346 (unix time) try "date -d @1603698346" if you are using GNU date ***
PC: @     0x7f2ccec80548 __GI___nanosleep
*** Aborted at 1603698346 (unix time) try "date -d @1603698346" if you are using GNU date ***
PC: @     0x7f8ac703e548 __GI___nanosleep
PC: @     0x7fc6c5b5c548 __GI___nanosleep
PC: @     0x7fd91679e548 __GI___nanosleep
PC: @     0x7f03771aa548 __GI___nanosleep
PC: @     0x7f7759ef4548 __GI___nanosleep
*** SIGTERM (@0x1) received by PID 11512 (TID 0x7f2cd06c6740) from PID 1; stack trace: ***
*** SIGTERM (@0x1) received by PID 11476 (TID 0x7f8ac8a84740) from PID 1; stack trace: ***
*** SIGTERM (@0x1) received by PID 11532 (TID 0x7fc6c75a2740) from PID 1; stack trace: ***
*** SIGTERM (@0x1) received by PID 11549 (TID 0x7fd9181e4740) from PID 1; stack trace: ***
*** SIGTERM (@0x1) received by PID 11495 (TID 0x7f775b93a740) from PID 1; stack trace: ***
    @     0x7f2ccfe0dc49 google::(anonymous namespace)::FailureSignalHandler()
    @     0x7f8ac81cbc49 google::(anonymous namespace)::FailureSignalHandler()
    @     0x7f775b081c49 google::(anonymous namespace)::FailureSignalHandler()
    @     0x7fd91792bc49 google::(anonymous namespace)::FailureSignalHandler()
    @     0x7f8ac78e5dc0 (unknown)
    @     0x7fd917045dc0 (unknown)
    @     0x7f775a79bdc0 (unknown)
    @     0x7f2ccf527dc0 (unknown)
    @     0x7fc6c5b5c548 __GI___nanosleep
    @     0x7f8ac703e44e __sleep
    @     0x7fd91679e548 __GI___nanosleep
s namespace)::FailureSignalHandler()
    @     0x7f2ccec80548 __GI___nanosleep
    @     0x7f7759ef4548 __GI___nanosleep
    @     0x7fd91679e44e __sleep
    @     0x7f7759ef444e __sleep
anosleep
    @     0x7f03771aa44e __sleep
    @           0x425b7a main
    @           0x425b7a main
    @           0x409c52 main
    @     0x7f2ccebdb873 __libc_start_main
    @     0x7f0377105873 __libc_start_main
    @     0x7f8ac6f99873 __libc_start_main
    @           0x425b7a main
    @           0x425f2e _start
    @           0x425b7a main
    @     0x7f7759e4f873 __libc_start_main
    @           0x409dae _start
    @           0x41a34e _start
    @           0x425f2e _start
    @           0x425f2e _start
    @           0x425f2e _start
*** Aborted at 1604481002 (unix time) try "date -d @1604481002" if you are using GNU date ***
*** Aborted at 1604481002 (unix time) try "date -d @1604481002" if you are using GNU date ***
*** Aborted at 1604481002 (unix time) try "date -d @1604481002" if you are using GNU date ***
PC: @     0x7f96a0672548 __GI___nanosleep
*** Aborted at 1604481002 (unix time) try "date -d @1604481002" if you are using GNU date ***
PC: @     0x7f3192f9d548 __GI___nanosleep
PC: @     0x7efc95a00548 __GI___nanosleep
PC: @     0x7f59c46d6548 __GI___nanosleep
*** SIGTERM (@0x1) received by PID 10339 (TID 0x7f96a20b8740) from PID 1; stack trace: ***
*** SIGTERM (@0x1) received by PID 10317 (TID 0x7f31942abb80) from PID 1; stack trace: ***
*** SIGTERM (@0x1) received by PID 10326 (TID 0x7efc97446740) from PID 1; stack trace: ***
*** SIGTERM (@0x1) received by PID 10353 (TID 0x7f59c611c740) from PID 1; stack trace: ***
*** SIGTERM (@0x1) received by PID 10366 (TID 0x7fb86c97f740) from PID 1; stack trace: ***
    @     0x7f319384bc49 google::(anonymous namespace)::FailureSignalHandler()
    @     0x7efc96b8dc49 google::(anonymous namespace)::FailureSignalHandler()
    @     0x7fb86c0c6c49 google::(anonymous namespace)::FailureSignalHandler()
    @     0x7f59c5863c49 google::(anonymous namespace)::FailureSignalHandler()
    @     0x7efc962a7dc0 (unknown)
    @     0x7f3193a75dc0 (unknown)
    @     0x7f59c46d6548 __GI___nanosleep
    @     0x7f3192f9d548 __GI___nanosleep
 0x7fb86b7e0dc0 (unknown)
    @     0x7fb86af39548 __GI___nanosleep
    @     0x7fb86af3944e __sleep
anosleep
    @     0x7f96a0672548 __GI___nanosleep
    @     0x7efc95a0044e __sleep
    @     0x7f96a067244e __sleep
    @           0x408f3a main
    @           0x409e9a main
    @     0x7f3192ef8873 __libc_start_main
    @           0x409e9a main
c_start_main
    @     0x7f96a05cd873 __libc_start_main
    @     0x7f59c4631873 __libc_start_main
    @     0x7efc9595b873 __libc_start_main
    @           0x40491e _start
    @           0x40a06e _start
    @           0x40910e _start
    @           0x40910e _start
    @           0x40a06e _start
*** Aborted at 1604567937 (unix time) try "date -d @1604567937" if you are using GNU date ***
*** Aborted at 1604567937 (unix time) try "date -d @1604567937" if you are using GNU date ***
*** Aborted at 1604567937 (unix time) try "date -d @1604567937" if you are using GNU date ***
*** Aborted at 1604567937 (unix time) try "date -d @1604567937" if you are using GNU date ***
PC: @     0x7f8cde004548 __GI___nanosleep
PC: @     0x7f030b4ca548 __GI___nanosleep
 date ***
PC: @     0x7fe1ef34a548 __GI___nanosleep
PC: @     0x7f01fcf64548 __GI___nanosleep
PC: @     0x7f4ffbb2a548 __GI___nanosleep
*** SIGTERM (@0x1) received by PID 18590 (TID 0x7f030cf10740) from PID 1; stack trace: ***
*** SIGTERM (@0x1) received by PID 18581 (TID 0x7f8cdf312b80) from PID 1; stack trace: ***
*** SIGTERM (@0x1) received by PID 18617 (TID 0x7fe1f0d90740) from PID 1; stack trace: ***
*** SIGTERM (@0x1) received by PID 18633 (TID 0x7f01fe9aa740) from PID 1; stack trace: ***
*** SIGTERM (@0x1) received by PID 18603 (TID 0x7f4ffd570740) from PID 1; stack trace: ***
    @     0x7f4ffccb7c49 google::(anonymous namespace)::FailureSignalHandler()
    @     0x7f8cde8b2c49 google::(anonymous namespace)::FailureSignalHandler()
    @     0x7f01fe0f1c49 google::(anonymous namespace)::FailureSignalHandler()
    @     0x7fe1f04d7c49 google::(anonymous namespace)::FailureSignalHandler()
    @     0x7f030c657c49 google::(anonymous namespace)::FailureSignalHandler()
    @     0x7f4ffc3d1dc0 (unknown)
    @     0x7fe1efbf1dc0 (unknown)
    @     0x7f01fd80bdc0 (unknown)
    @     0x7f8cdeadcdc0 (unknown)
    @     0x7f4ffbb2a548 __GI___nanosleep
   0x7fe1ef34a548 __GI___nanosleep
    @     0x7f01fcf64548 __GI___nanosleep
    @     0x7f8cde004548 __GI___nanosleep
    @     0x7f8cde00444e __sleep
    @     0x7fe1ef34a44e __sleep
    @     0x7f030b4ca44e __sleep
    @     0x7f4ffbb2a44e __sleep
    @           0x409e9a main
    @           0x4047da main
    @     0x7f4ffba85873 __libc_start_main
    @           0x408f3a main
    @           0x40a06e _start
    @     0x7f8cddf5f873 __libc_start_main
    @           0x408f3a main
    @           0x409e9a main
    @     0x7f030b425873 __libc_start_main
    @     0x7fe1ef2a5873 __libc_start_main
    @     0x7f01fcebf873 __libc_start_main
    @           0x40491e _start
    @           0x40910e _start
    @           0x40910e _start
    @           0x40a06e _start
*** Aborted at 1604568456 (unix time) try "date -d @1604568456" if you are using GNU date ***
*** Aborted at 1604568456 (unix time) try "date -d @1604568456" if you are using GNU date ***
*** Aborted at 1604568456 (unix time) try "date -d @1604568456" if you are using GNU date ***
PC: @     0x7f5e637e3548 __GI___nanosleep
*** Aborted at 1604568456 (unix time) try "date -d @1604568456" if you are using GNU date ***
*** Aborted at 1604568456 (unix time) try "date -d @1604568456" if you are using GNU date ***
PC: @     0x7fa793e47548 __GI___nanosleep
PC: @     0x7f627e242548 __GI___nanosleep
*** SIGTERM (@0x1) received by PID 9607 (TID 0x7f5e64af1b80) from PID 1; stack trace: ***
PC: @     0x7f7f12685548 __GI___nanosleep
PC: @     0x7f8bc5197548 __GI___nanosleep
*** SIGTERM (@0x1) received by PID 9659 (TID 0x7f627fc88740) from PID 1; stack trace: ***
*** SIGTERM (@0x1) received by PID 9616 (TID 0x7f7f140cb740) from PID 1; stack trace: ***
    @     0x7f5e64091c49 google::(anonymous namespace)::FailureSignalHandler()
*** SIGTERM (@0x1) received by PID 9646 (TID 0x7f8bc6bdd740) from PID 1; stack trace: ***
    @     0x7f627f3cfc49 google::(anonymous namespace)::FailureSignalHandler()
    @     0x7f7f13812c49 google::(anonymous namespace)::FailureSignalHandler()
    @     0x7f5e642bbdc0 (unknown)
    @     0x7f8bc6324c49 google::(anonymous namespace)::FailureSignalHandler()
    @     0x7fa7946eedc0 (unknown)
    @     0x7f8bc5a3edc0 (unknown)
    @     0x7f627eae9dc0 (unknown)
    @     0x7f7f12f2cdc0 (unknown)
    @     0x7f5e637e3548 __GI___nanosleep
    @     0x7fa793e47548 __GI___nanosleep
    @     0x7f8bc5197548 __GI___nanosleep
    @     0x7f627e242548 __GI___nanosleep
    @     0x7fa793e4744e __sleep
    @     0x7f7f1268544e __sleep
    @     0x7f8bc519744e __sleep
    @     0x7f627e24244e __sleep
    @           0x4047da main
    @           0x408f3a main
c_start_main
    @           0x408f3a main
    @           0x409e9a main
    @     0x7f7f125e0873 __libc_start_main
    @     0x7fa793da2873 __libc_start_main
    @     0x7f627e19d873 __libc_start_main
    @     0x7f8bc50f2873 __libc_start_main
    @           0x40491e _start
    @           0x40910e _start
    @           0x40a06e _start
    @           0x40a06e _start
    @           0x40910e _start
*** Aborted at 1604653736 (unix time) try "date -d @1604653736" if you are using GNU date ***
*** Aborted at 1604653736 (unix time) try "date -d @1604653736" if you are using GNU date ***
*** Aborted at 1604653736 (unix time) try "date -d @1604653736" if you are using GNU date ***
*** Aborted at 1604653736 (unix time) try "date -d @1604653736" if you are using GNU date ***
*** Aborted at 1604653736 (unix time) try "date -d @1604653736" if you are using GNU date ***
PC: @     0x7fb13b2f7548 __GI___nanosleep
PC: @     0x7f2ab8b40548 __GI___nanosleep
PC: @     0x7fa665106548 __GI___nanosleep
PC: @     0x7f1e6ef75548 __GI___nanosleep
PC: @     0x7fd93e9f9548 __GI___nanosleep
*** SIGTERM (@0x1) received by PID 26718 (TID 0x7f2aba586740) from PID 1; stack trace: ***
*** SIGTERM (@0x1) received by PID 26731 (TID 0x7fb13cd3d740) from PID 1; stack trace: ***
*** SIGTERM (@0x1) received by PID 26706 (TID 0x7fa666414b80) from PID 1; stack trace: ***
*** SIGTERM (@0x1) received by PID 26758 (TID 0x7f1e709bb740) from PID 1; stack trace: ***
*** SIGTERM (@0x1) received by PID 26745 (TID 0x7fd94043f740) from PID 1; stack trace: ***
    @     0x7f1e70102c49 google::(anonymous namespace)::FailureSignalHandler()
    @     0x7fa6659b4c49 google::(anonymous namespace)::FailureSignalHandler()
    @     0x7fd93fb86c49 google::(anonymous namespace)::FailureSignalHandler()
    @     0x7fb13c484c49 google::(anonymous namespace)::FailureSignalHandler()
    @     0x7f2ab9ccdc49 google::(anonymous namespace)::FailureSignalHandler()
    @     0x7f2ab93e7dc0 (unknown)
    @     0x7fa665bdedc0 (unknown)
    @     0x7f1e6f81cdc0 (unknown)
    @     0x7fb13bb9edc0 (unknown)
    @     0x7fd93f2a0dc0 (unknown)
    @     0x7f2ab8b40548 __GI___nanosleep
    @     0x7fa665106548 __GI___nanosleep
    @     0x7f1e6ef75548 __GI___nanosleep
    @     0x7fb13b2f7548 __GI___nanosleep
    @     0x7fd93e9f9548 __GI___nanosleep
    @     0x7f2ab8b4044e __sleep
    @     0x7fa66510644e __sleep
    @     0x7f1e6ef7544e __sleep
    @     0x7fb13b2f744e __sleep
    @     0x7fd93e9f944e __sleep
    @           0x4047da main
    @     0x7fa665061873 __libc_start_main
    @           0x408f3a main
    @           0x409e9a main
    @           0x409e9a main
    @           0x408f3a main
    @     0x7fd93e954873 __libc_start_main
    @     0x7f2ab8a9b873 __libc_start_main
    @     0x7fb13b252873 __libc_start_main
    @     0x7f1e6eed0873 __libc_start_main
    @           0x40491e _start
    @           0x40910e _start
    @           0x40910e _start
    @           0x40a06e _start
    @           0x40a06e _start
*** Aborted at 1610356596 (unix time) try "date -d @1610356596" if you are using GNU date ***
PC: @     0x7f6cb4984848 __GI___nanosleep
*** Aborted at 1610356596 (unix time) try "date -d @1610356596" if you are using GNU date ***
*** Aborted at 1610356596 (unix time) try "date -d @1610356596" if you are using GNU date ***
PC: @     0x7ff86a37c848 __GI___nanosleep
*** Aborted at 1610356596 (unix time) try "date -d @1610356596" if you are using GNU date ***
*** Aborted at 1610356596 (unix time) try "date -d @1610356596" if you are using GNU date ***
PC: @     0x7f9de0702848 __GI___nanosleep
*** SIGTERM (@0x1) received by PID 24942 (TID 0x7f9de24dd740) from PID 1; stack trace: ***
*** SIGTERM (@0x1) received by PID 24906 (TID 0x7f6cb6027c00) from PID 1; stack trace: ***
PC: @     0x7f32cc58e848 __GI___nanosleep
*** SIGTERM (@0x1) received by PID 24915 (TID 0x7ff86c157740) from PID 1; stack trace: ***
*** SIGTERM (@0x1) received by PID 24928 (TID 0x7f052c20a740) from PID 1; stack trace: ***
*** SIGTERM (@0x1) received by PID 24955 (TID 0x7f32ce369740) from PID 1; stack trace: ***
    @     0x7f9de1c24c49 google::(anonymous namespace)::FailureSignalHandler()
    @     0x7ff86b89ec49 google::(anonymous namespace)::FailureSignalHandler()
    @     0x7f052b951c49 google::(anonymous namespace)::FailureSignalHandler()
    @     0x7f9de133edd0 (unknown)
    @     0x7f6cb55c7c49 google::(anonymous namespace)::FailureSignalHandler()
    @     0x7f9de070274e __sleep
    @     0x7ff86a37c848 __GI___nanosleep
    @     0x7f052a42f848 __GI___nanosleep
    @     0x7f052a42f74e __sleep
    @           0x408f3a main
    @     0x7f6cb57f1dd0 (unknown)
    @     0x7f32cd1cadd0 (unknown)
    @     0x7f052a38a873 __libc_start_main
  @           0x409e9a main
e::(anonymous namespace)::FailureSignalHandler()
    @           0x408f3a main
    @     0x7f6cb498474e __sleep
    @     0x7ff86a2d7873 __libc_start_main
    @     0x7f32cc58e74e __sleep
    @           0x40a06e _start
    @           0x40910e _start
    @           0x4047da main
    @     0x7f6cb48df873 __libc_start_main
    @           0x409e9a main
    @     0x7f32cc4e9873 __libc_start_main
    @           0x40491e _start
    @           0x40a06e _start
*** Aborted at 1610434327 (unix time) try "date -d @1610434327" if you are using GNU date ***
*** Aborted at 1610434327 (unix time) try "date -d @1610434327" if you are using GNU date ***
*** Aborted at 1610434327 (unix time) try "date -d @1610434327" if you are using GNU date ***
PC: @     0x7fce9221d848 __GI___nanosleep
*** Aborted at 1610434327 (unix time) try "date -d @1610434327" if you are using GNU date ***
PC: @     0x7f45d4c3c848 __GI___nanosleep
"date -d @1610434327" if you are using GNU date ***
*** Aborted at 1610434327 (unix time) try "date -d @1610434327" if you are using GNU date ***
*** Aborted at 1610434327 (unix time) try "date -d @1610434327" if you are using GNU date ***
*** SIGTERM (@0x1) received by PID 12433 (TID 0x7fce93ff8740) from PID 1; stack trace: ***
*** Aborted at 1610434329 (unix time) try "date -d @1610434329" if you are using GNU date ***
*** Aborted at 1610434329 (unix time) try "date -d @1610434329" if you are using GNU date ***
    @     0x7fce9373fc49 google::(anonymous namespace)::FailureSignalHandler()
*** Aborted at 1610434329 (unix time) try "date -d @1610434329" if you are using GNU date ***
PC: @     0x7f702581c848 __GI___nanosleep
*** SIGTERM (@0x1) received by PID 12347 (TID 0x7f70273e0740) from PID 1; stack trace: ***
PC: @     0x7fc296bf7848 __GI___nanosleep
PC: @     0x7f7146642848 __GI___nanosleep
PC: @     0x7fd83923d848 __GI___nanosleep
TID 0x7f45d6a17740) from PID 1; stack trace: ***
PC: @     0x7f4ad3936848 __GI___nanosleep
    @     0x7fce92e59dd0 (unknown)
*** SIGTERM (@0x1) received by PID 24337 (TID 0x7f4ad4fd9c00) from PID 1; stack trace: ***
*** SIGTERM (@0x1) received by PID 12416 (TID 0x7fa123de8740) from PID 1; stack trace: ***
*** SIGTERM (@0x1) received by PID 12379 (TID 0x7fc2989d2740) from PID 1; stack trace: ***
    @     0x7f7026a42dd0 (unknown)
x7f714841d740) from PID 1; stack trace: ***
PC: @     0x7f5230661848 __GI___nanosleep
*** SIGTERM (@0x1) received by PID 12360 (TID 0x7f523243c740) from PID 1; stack trace: ***
    @     0x7fc298119c49 google::(anonymous namespace)::FailureSignalHandler()
    @     0x7fc297833dd0 (unknown)
*** SIG    @     0x7f6c478a1c49 google::(anonymous namespace)::FailureSignalHandler()
 trace: ***
    @     0x7fa12352fc49 google::(anonymous namespace)::FailureSignalHandler()
    @     0x7f4ad4579c49 google::(anonymous namespace)::FailureSignalHandler()
    @     0x7f702581c848 __GI___nanosleep
    @     0x7f7147b64c49 google::(anonymous namespace)::FailureSignalHandler()
namespace)::FailureSignalHandler()
    @     0x7f5231b83c49 google::(anonymous namespace)::FailureSignalHandler()
    @     0x7fce9221d74e __sleep
    @     0x7fc296bf7848 __GI___nan    @     0x7f4ad3936848 __GI___nan    @     0x7f523129ddd0 (unknown)
osleep
    @     0x7f6c46fbbdd0 (unknown)
    @     0x7fc296bf774e __sleep
    @     0x7fd481c41c49 google::(anonymous namespace)::FailureSignalHandler()
    @     0x7f714727edd0 (unknown)
    @     0x7fa12200d848 __GI___nanosleep
    @     0x7fd83a75fc49 google::(anonymous namespace)::FailureSignalHandler()
    @     0x7f4ad393674e __sleep
    @     0x7f45d4c3c74e __sleep
    @     0x7fd48135bdd0 (unknown)
osleep
    @     0x7f7146642848 __GI___nanosleep
    @     0x7fa12200d74e __sleep
    @     0x7fd839e79dd0 (unknown)
    @     0x7f5230661848 __GI___nanosleep
    @           0x409c52 main
    @           0x4047da main
    @     0x7f7025777873 __libc_start_main
    @     0x7f6c4637f74e __sleep
    @     0x7fd83923d848 __GI___nanosleep
 0x7f523066174e __sleep
    @     0x7f4ad3891873 __libc_start_main
fd48071f848 __GI___nanosleep
    @     0x7f45d4b97873 __libc_start_main
    @           0x425b7a main
    @     0x7fd48071f74e __sleep
    @     0x7fa121f68873 __libc_start_main
    @           0x408f8a main
    @     0x7fd83923d74e __sleep
   @           0x408f8a main
    @           0x425b7a main
    @     0x7fc296b52873 __libc_start_main
    @     0x7f6c462da873 __libc_start_main
    @     0x7f714659d873 __libc_start_main
    @     0x7f52305bc873 __libc_start_main
    @           0x40915e _start
    @           0x40491e _start
start_main
    @           0x425b7a main
t
    @           0x409e9a main
    @           0x40915e _start
    @     0x7fd839198873 __libc_start_main
    @           0x425f2e _start
    @     0x7fd48067a873 __libc_start_main
    @           0x41a34e _start
    @           0x425f2e _start
    @           0x425f2e _start
    @           0x40a06e _start
    @           0x425f2e _start
*** Aborted at 1610443576 (unix time) try "date -d @1610443576" if you are using GNU date ***
*** Aborted at 1610443576 (unix time) try "date -d @1610443576" if you are using GNU date ***
*** Aborted at 1610443576 (unix time) try "date -d @1610443576" if you are using GNU date ***
PC: @     0x7f96e548e848 __GI___nanosleep
*** Aborted at 1610443576 (unix time) try "date -d @1610443576" if you are using GNU date ***
*** Aborted at 1610443576 (unix time) try "date -d @1610443576" if you are using GNU date ***
PC: @     0x7fac0790e848 __GI___nanosleep
PC: @     0x7fbb4b494848 __GI___nanosleep
PC: @     0x7f432160d848 __GI___nanosleep
*** SIGTERM (@0x1) received by PID 10861 (TID 0x7f96e6b31c00) from PID 1; stack trace: ***
PC: @     0x7f0e19433848 __GI___nanosleep
*** SIGTERM (@0x1) received by PID 10897 (TID 0x7fac096e9740) from PID 1; stack trace: ***
*** SIGTERM (@0x1) received by PID 10883 (TID 0x7fbb4d26f740) from PID 1; stack trace: ***
*** SIGTERM (@0x1) received by PID 10910 (TID 0x7f43233e8740) from PID 1; stack trace: ***
*** SIGTERM (@0x1) received by PID 10870 (TID 0x7f0e1b20e740) from PID 1; stack trace: ***
    @     0x7f96e60d1c49 google::(anonymous namespace)::FailureSignalHandler()
    @     0x7fbb4c9b6c49 google::(anonymous namespace)::FailureSignalHandler()
    @     0x7fac08e30c49 google::(anonymous namespace)::FailureSignalHandler()
    @     0x7f4322249dd0 (unknown)
nonymous namespace)::FailureSignalHandler()
    @     0x7f0e1a955c49 google::(anonymous namespace)::FailureSignalH    @     0x7fac0790e848 __GI___nanosleep
    @     0x7f432160d74e __sleep
    @     0x7f96e548e848 __GI___nanosleep
    @     0x7f96e548e74e __sleep
    @     0x7f0e19433848 __GI___nanosleep
    @     0x7fac0790e74e __sleep
    @           0x409e9a main
    @           0x409e9a main
    @     0x7f0e1943374e __sleep
    @     0x7f4321568873 __libc_start_main
    @     0x7fbb4b3ef873 __libc_start_main
    @           0x4047da main
    @     0x7f96e53e9873 __libc_start_main
    @           0x408f8a main
    @     0x7f0e1938e873 __libc_start_main
    @     0x7fac07869873 __libc_start_main
    @           0x40491e _start
    @           0x40a06e _start
    @           0x40915e _start
    @           0x40915e _start
    @           0x40a06e _start
*** Aborted at 1610528912 (unix time) try "date -d @1610528912" if you are using GNU date ***
*** Aborted at 1610528912 (unix time) try "date -d @1610528912" if you are using GNU date ***
*** Aborted at 1610528912 (unix time) try "date -d @1610528912" if you are using GNU date ***
*** Aborted at 1610528912 (unix time) try "date -d @1610528912" if you are using GNU date ***
*** Aborted at 1610528912 (unix time) try "date -d @1610528912" if you are using GNU date ***
PC: @     0x7f30582a4848 __GI___nanosleep
PC: @     0x7f6c89a12848 __GI___nanosleep
*** SIGTERM (@0x1) received by PID 12538 (TID 0x7f6c8b7ed740) from PID 1; stack trace: ***
PC: @     0x7f6454c1f848 __GI___nanosleep
PC: @     0x7ff6eae78848 __GI___nanosleep
PC: @     0x7f6153910848 __GI___nanosleep
*** SIGTERM (@0x1) received by PID 12578 (TID 0x7f61556eb740) from PID 1; stack trace: ***
*** SIGTERM (@0x1) received by PID 12529 (TID 0x7f3059947c00) from PID 1; stack trace: ***
*** SIGTERM (@0x1) received by PID 12551 (TID 0x7f64569fa740) from PID 1; stack trace: ***
*** SIGTERM (@0x1) received by PID 12565 (TID 0x7ff6ecc53740) from PID 1; stack trace: ***
    @     0x7f6c8af34c49 google::(anonymous namespace)::FailureSignalHandler()
    @     0x7f6154e32c49 google::(anonymous namespace)::FailureSignalHandler()
    @     0x7f3058ee7c49 google::(anonymous namespace)::FailureSignalHandler()
    @     0x7f3059111dd0 (unknown)
    @     0x7f6c8a64edd0 (unknown)
    @     0x7f615454cdd0 (unknown)
    @     0x7f6153910848 __GI___nanosleep
    @     0x7f30582a4848 __GI___nanosleep
     0x7ff6ec39ac49 google::(anonymous namespace)::FailureSignalHandler()
    @     0x7f6c89a12848 __GI___nanosleep
    @     0x7ff6eae78848 __GI___nanosleep
    @     0x7f645585bdd0 (unknown)
    @     0x7f615391074e __sleep
    @     0x7f30582a474e __sleep
    @     0x7f6c89a1274e __sleep
    @     0x7ff6eae7874e __sleep
    @     0x7f6454c1f848 __GI___nanosleep
    @           0x409e9a main
    @           0x4047da main
    @     0x7f6454c1f74e __sleep
    @     0x7f615386b873 __libc_start_main
    @           0x408f8a main
    @     0x7f30581ff873 __libc_start_main
    @           0x408f8a main
    @     0x7ff6eadd3873 __libc_start_main
    @     0x7f6c8996d873 __libc_start_main
    @           0x40491e _start
    @           0x409e9a main
    @           0x40a06e _start
    @     0x7f6454b7a873 __libc_start_main
    @           0x40915e _start
    @           0x40915e _start
    @           0x40a06e _start
*** Aborted at 1610611815 (unix time) try "date -d @1610611815" if you are using GNU date ***
*** Aborted at 1610611817 (unix time) try "date -d @1610611817" if you are using GNU date ***
*** Aborted at 1610611817 (unix time) try "date -d @1610611817" if you are using GNU date ***
*** Aborted at 1610611817 (unix time) try "date -d @1610611817" if you are using GNU date ***
PC: @     0x7f3dd59b0848 __GI___nanosleep
PC: @     0x7ff3514e1848 __GI___nanosleep
PC: @     0x7fd6f95d4848 __GI___nanosleep
PC: @     0x7f00754df848 __GI___nanosleep
*** SIGTERM (@0x1) received by PID 14700 (TID 0x7f3dd778b740) from PID 1; stack trace: ***
*** SIGTERM (@0x1) received by PID 14687 (TID 0x7f0765bf2740) from PID 1; stack trace: ***
*** SIGTERM (@0x1) received by PID 14673 (TID 0x7ff3532bc740) from PID 1; stack trace: ***
*** SIGTERM (@0x1) received by PID 14660 (TID 0x7fd6fb3af740) from PID 1; stack trace: ***
*** SIGTERM (@0x1) received by PID 14651 (TID 0x7f0076b82c00) from PID 1; stack trace: ***
    @     0x7f0765339c49 google::(anonymous namespace)::FailureSignalHandler()
    @     0x7ff352a03c49 google::(anonymous namespace)::FailureSignalHandler()
    @     0x7ff35211ddd0 (unknown)
    @     0x7fd6faaf6c49 google::(anonymous namespace)::FailureSignalHandler()
    @     0x7f0763e17848 __GI___nanosleep
    @     0x7f0763e1774e __sleep
)
    @     0x7fd6f95d4848 __GI___nanosleep
    @     0x7f3dd6ed2c49 google::(anonymous namespace)::FailureSignalHandler()
f0076122c49 google::(anonymous namespace)::FailureSignalHandler()
    @     0x7f3dd65ecdd0 (unknown)
    @           0x408f8a main
own)
    @     0x7f3dd59b0848 __GI___nanosleep
    @     0x7f00754df848 __GI___nanosleep
    @     0x7f0763d72873 __libc_start_main
    @     0x7f3dd59b074e __sleep
    @           0x408f8a main
    @     0x7f00754df74e __sleep
    @           0x409e9a main
    @     0x7fd6f952f873 __libc_start_main
    @     0x7ff35143c873 __libc_start_main
    @           0x40915e _start
    @           0x4047da main
    @           0x40915e _start
    @           0x409e9a main
    @     0x7f007543a873 __libc_start_main
    @           0x40a06e _start
    @     0x7f3dd590b873 __libc_start_main
    @           0x40491e _start
    @           0x40a06e _start
